TOUCH AT (28, 30)
TOUCH AT (113, 41)
TOUCH AT (248, 43)
TOUCH AT (267, 135)
TOUCH AT (192, 203)
TOUCH AT (85, 194)
TOUCH AT (13, 197)
TOUCH AT (10, 119)
TOUCH AT (28, 29)
TOUCH AT (202, 48)
TOUCH AT (86, 154)
TOUCH AT (71, 96)
TOUCH AT (192, 161)
TOUCH AT (268, 100)
TOUCH AT (182, 69)
TOUCH AT (160, 193)
TOUCH AT (285, 24)
TOUCH AT (276, 119)
TOUCH AT (175, 202)
TOUCH AT (21, 192)
TOUCH AT (56, 37)
TOUCH AT (131, 160)
TOUCH AT (137, 33)
TOUCH AT (237, 47)
TOUCH AT (185, 154)
TOUCH AT (117, 196)
TOUCH AT (48, 172)
TOUCH AT (53, 70)
TOUCH AT (158, 55)
TOUCH AT (261, 118)
TOUCH AT (285, 35)
TOUCH AT (119, 35)
TOUCH AT (44, 37)
TOUCH AT (52, 204)
TOUCH AT (278, 200)
TOUCH AT (271, 205)
